Mobile/android/app/build/intermediates/manifest_merge_blame_file/release/manifest-merger-blame-release-report.txt
1<?xml version="1.0" encoding="utf-8"?>
2<manifest xmlns:android="http://schemas.android.com/apk/res/android"
3    package="com.Hescuzdan"
4    android:versionCode="3"
5    android:versionName="1.0.2" >
6
7    <uses-sdk
8        android:minSdkVersion="21"
8-->src/main/AndroidManifest.xml
9        android:targetSdkVersion="30" />
9-->src/main/AndroidManifest.xml
10
11    <uses-permission android:name="android.permission.INTERNET" />
11-->src/main/AndroidManifest.xml:4:5-67
11-->src/main/AndroidManifest.xml:4:22-64
12    <uses-permission android:name="android.permission.READ_EXTERNAL_STORAGE" />
12-->src/main/AndroidManifest.xml:5:1-76
12-->src/main/AndroidManifest.xml:5:18-73
13    <uses-permission android:name="android.permission.WRITE_EXTERNAL_STORAGE" />
13-->src/main/AndroidManifest.xml:6:3-79
13-->src/main/AndroidManifest.xml:6:20-76
14    <uses-permission android:name="android.permission.DOWNLOAD_WITHOUT_NOTIFICATION" />
14-->src/main/AndroidManifest.xml:7:4-87
14-->src/main/AndroidManifest.xml:7:21-84
15
16    <!-- Required to access Google Play Licensing -->
17    <uses-permission android:name="com.android.vending.CHECK_LICENSE" />
17-->[:rn-fetch-blob] AndroidManifest.xml:12:5-73
17-->[:rn-fetch-blob] AndroidManifest.xml:12:22-70
18    <!--
19         Required to keep CPU alive while downloading files
20        (NOT to keep screen awake)
21    -->
22    <uses-permission android:name="android.permission.WAKE_LOCK" />
22-->[:rn-fetch-blob] AndroidManifest.xml:21:5-68
22-->[:rn-fetch-blob] AndroidManifest.xml:21:22-65
23    <!--
24         Required to poll the state of the network connection
25        and respond to changes
26    -->
27    <uses-permission android:name="android.permission.ACCESS_NETWORK_STATE" /> <!-- Required to check whether Wi-Fi is enabled -->
27-->[:rn-fetch-blob] AndroidManifest.xml:27:5-79
27-->[:rn-fetch-blob] AndroidManifest.xml:27:22-76
28    <uses-permission android:name="android.permission.ACCESS_WIFI_STATE" /> <!-- Android package visibility setting -->
28-->[:rn-fetch-blob] AndroidManifest.xml:30:5-76
28-->[:rn-fetch-blob] AndroidManifest.xml:30:22-73
29    <queries>
29-->[com.google.android.gms:play-services-ads-lite:19.6.0] AndroidManifest.xml:27:5-38:15
30
31        <!-- For browser content -->
32        <intent>
32-->[com.google.android.gms:play-services-ads-lite:19.6.0] AndroidManifest.xml:30:9-36:18
33            <action android:name="android.intent.action.VIEW" />
33-->[com.google.android.gms:play-services-ads-lite:19.6.0] AndroidManifest.xml:31:13-65
33-->[com.google.android.gms:play-services-ads-lite:19.6.0] AndroidManifest.xml:31:21-62
34
35            <category android:name="android.intent.category.BROWSABLE" />
35-->[com.google.android.gms:play-services-ads-lite:19.6.0] AndroidManifest.xml:33:13-74
35-->[com.google.android.gms:play-services-ads-lite:19.6.0] AndroidManifest.xml:33:23-71
36
37            <data android:scheme="https" />
37-->[com.google.android.gms:play-services-ads-lite:19.6.0] AndroidManifest.xml:35:13-44
37-->[com.google.android.gms:play-services-ads-lite:19.6.0] AndroidManifest.xml:35:19-41
38        </intent>
39        <!-- End of browser content -->
40    </queries>
41
42    <uses-feature
42-->[com.google.android.gms:play-services-maps:17.0.0] AndroidManifest.xml:26:5-28:35
43        android:glEsVersion="0x00020000"
43-->[com.google.android.gms:play-services-maps:17.0.0] AndroidManifest.xml:27:9-41
44        android:required="true" />
44-->[com.google.android.gms:play-services-maps:17.0.0] AndroidManifest.xml:28:9-32
45
46    <uses-permission android:name="android.permission.RECEIVE_BOOT_COMPLETED" />
46-->[androidx.work:work-runtime:2.1.0] AndroidManifest.xml:27:5-81
46-->[androidx.work:work-runtime:2.1.0] AndroidManifest.xml:27:22-78
47
48    <application
48-->src/main/AndroidManifest.xml:8:5-42:19
49        android:name="com.Heskisayol.MainApplication"
49-->src/main/AndroidManifest.xml:9:7-38
50        android:allowBackup="true"
50-->src/main/AndroidManifest.xml:13:7-33
51        android:appComponentFactory="androidx.core.app.CoreComponentFactory"
51-->[androidx.core:core:1.3.1] AndroidManifest.xml:24:18-86
52        android:icon="@mipmap/ic_launcher"
52-->src/main/AndroidManifest.xml:11:7-41
53        android:label="@string/app_name"
53-->src/main/AndroidManifest.xml:10:7-39
54        android:roundIcon="@mipmap/ic_launcher_round"
54-->src/main/AndroidManifest.xml:12:7-52
55        android:theme="@style/AppTheme" >
55-->src/main/AndroidManifest.xml:14:7-38
56        <activity
56-->src/main/AndroidManifest.xml:15:9-24:26
57            android:name="com.Heskisayol.SplashActivity"
57-->src/main/AndroidManifest.xml:16:20-50
58            android:label="@string/app_name"
58-->src/main/AndroidManifest.xml:18:21-53
59            android:theme="@style/SplashTheme" >
59-->src/main/AndroidManifest.xml:17:20-54
60            <intent-filter>
60-->src/main/AndroidManifest.xml:20:21-23:33
61                <action android:name="android.intent.action.MAIN" />
61-->src/main/AndroidManifest.xml:21:23-75
61-->src/main/AndroidManifest.xml:21:31-72
62
63                <category android:name="android.intent.category.LAUNCHER" />
63-->src/main/AndroidManifest.xml:22:9-69
63-->src/main/AndroidManifest.xml:22:19-66
64            </intent-filter>
65        </activity>
66        <activity
66-->src/main/AndroidManifest.xml:26:7-34:18
67            android:name="com.Heskisayol.MainActivity"
67-->src/main/AndroidManifest.xml:27:9-37
68            android:configChanges="keyboard|keyboardHidden|orientation|screenSize"
68-->src/main/AndroidManifest.xml:29:9-79
69            android:exported="true"
69-->src/main/AndroidManifest.xml:32:11-34
70            android:label="@string/app_name"
70-->src/main/AndroidManifest.xml:28:9-41
71            android:windowSoftInputMode="adjustPan" >
71-->src/main/AndroidManifest.xml:31:9-48
72        </activity>
73        <activity android:name="com.facebook.react.devsupport.DevSettingsActivity" />
73-->src/main/AndroidManifest.xml:35:7-84
73-->src/main/AndroidManifest.xml:35:17-81
74
75        <meta-data
75-->src/main/AndroidManifest.xml:36:7-38:28
76            android:name="com.google.android.gms.wallet.api.enabled"
76-->src/main/AndroidManifest.xml:37:5-61
77            android:value="true" />
77-->src/main/AndroidManifest.xml:38:5-25
78        <meta-data
78-->src/main/AndroidManifest.xml:39:7-41:69
79            android:name="com.google.android.gms.ads.APPLICATION_ID"
79-->src/main/AndroidManifest.xml:40:13-69
80            android:value="ca-app-pub-4354964663705097~2538169557" />
80-->src/main/AndroidManifest.xml:41:13-67
81
82        <provider
82-->[:rn-fetch-blob] AndroidManifest.xml:36:9-44:20
83            android:name="com.RNFetchBlob.Utils.FileProvider"
83-->[:rn-fetch-blob] AndroidManifest.xml:37:13-62
84            android:authorities="com.Hescuzdan.provider"
84-->[:rn-fetch-blob] AndroidManifest.xml:38:13-60
85            android:exported="false"
85-->[:rn-fetch-blob] AndroidManifest.xml:39:13-37
86            android:grantUriPermissions="true" >
86-->[:rn-fetch-blob] AndroidManifest.xml:40:13-47
87            <meta-data
87-->[:rn-fetch-blob] AndroidManifest.xml:41:13-43:58
88                android:name="android.support.FILE_PROVIDER_PATHS"
88-->[:rn-fetch-blob] AndroidManifest.xml:42:17-67
89                android:resource="@xml/provider_paths" />
89-->[:rn-fetch-blob] AndroidManifest.xml:43:17-55
90        </provider> <!-- Include the AdActivity and InAppPurchaseActivity configChanges and themes. -->
91        <activity
91-->[com.google.android.gms:play-services-ads-lite:19.6.0] AndroidManifest.xml:43:9-47:64
92            android:name="com.google.android.gms.ads.AdActivity"
92-->[com.google.android.gms:play-services-ads-lite:19.6.0] AndroidManifest.xml:44:13-65
93            android:configChanges="keyboard|keyboardHidden|orientation|screenLayout|uiMode|screenSize|smallestScreenSize"
93-->[com.google.android.gms:play-services-ads-lite:19.6.0] AndroidManifest.xml:45:13-122
94            android:exported="false"
94-->[com.google.android.gms:play-services-ads-lite:19.6.0] AndroidManifest.xml:46:13-37
95            android:theme="@android:style/Theme.Translucent" />
95-->[com.google.android.gms:play-services-ads-lite:19.6.0] AndroidManifest.xml:47:13-61
96
97        <provider
97-->[com.google.android.gms:play-services-ads-lite:19.6.0] AndroidManifest.xml:49:9-53:39
98            android:name="com.google.android.gms.ads.MobileAdsInitProvider"
98-->[com.google.android.gms:play-services-ads-lite:19.6.0] AndroidManifest.xml:50:13-76
99            android:authorities="com.Hescuzdan.mobileadsinitprovider"
99-->[com.google.android.gms:play-services-ads-lite:19.6.0] AndroidManifest.xml:51:13-73
100            android:exported="false"
100-->[com.google.android.gms:play-services-ads-lite:19.6.0] AndroidManifest.xml:52:13-37
101            android:initOrder="100" />
101-->[com.google.android.gms:play-services-ads-lite:19.6.0] AndroidManifest.xml:53:13-36
102
103        <service
103-->[com.google.android.gms:play-services-ads-lite:19.6.0] AndroidManifest.xml:55:9-58:40
104            android:name="com.google.android.gms.ads.AdService"
104-->[com.google.android.gms:play-services-ads-lite:19.6.0] AndroidManifest.xml:56:13-64
105            android:enabled="true"
105-->[com.google.android.gms:play-services-ads-lite:19.6.0] AndroidManifest.xml:57:13-35
106            android:exported="false" /> <!-- Needs to be explicitly declared on P+ -->
106-->[com.google.android.gms:play-services-ads-lite:19.6.0] AndroidManifest.xml:58:13-37
107        <uses-library
107-->[com.google.android.gms:play-services-maps:17.0.0] AndroidManifest.xml:33:9-35:40
108            android:name="org.apache.http.legacy"
108-->[com.google.android.gms:play-services-maps:17.0.0] AndroidManifest.xml:34:13-50
109            android:required="false" />
109-->[com.google.android.gms:play-services-maps:17.0.0] AndroidManifest.xml:35:13-37
110
111        <activity
111-->[com.google.android.gms:play-services-base:17.0.0] AndroidManifest.xml:23:9-26:75
112            android:name="com.google.android.gms.common.api.GoogleApiActivity"
112-->[com.google.android.gms:play-services-base:17.0.0] AndroidManifest.xml:24:13-79
113            android:exported="false"
113-->[com.google.android.gms:play-services-base:17.0.0] AndroidManifest.xml:25:13-37
114            android:theme="@android:style/Theme.Translucent.NoTitleBar" />
114-->[com.google.android.gms:play-services-base:17.0.0] AndroidManifest.xml:26:13-72
115
116        <meta-data
116-->[com.google.android.gms:play-services-basement:17.3.0] AndroidManifest.xml:23:9-25:69
117            android:name="com.google.android.gms.version"
117-->[com.google.android.gms:play-services-basement:17.3.0] AndroidManifest.xml:24:13-58
118            android:value="@integer/google_play_services_version" />
118-->[com.google.android.gms:play-services-basement:17.3.0] AndroidManifest.xml:25:13-66
119
120        <provider
120-->[androidx.work:work-runtime:2.1.0] AndroidManifest.xml:30:9-36:35
121            android:name="androidx.work.impl.WorkManagerInitializer"
121-->[androidx.work:work-runtime:2.1.0] AndroidManifest.xml:31:13-69
122            android:authorities="com.Hescuzdan.workmanager-init"
122-->[androidx.work:work-runtime:2.1.0] AndroidManifest.xml:32:13-68
123            android:directBootAware="false"
123-->[androidx.work:work-runtime:2.1.0] AndroidManifest.xml:33:13-44
124            android:exported="false"
124-->[androidx.work:work-runtime:2.1.0] AndroidManifest.xml:34:13-37
125            android:multiprocess="true" />
125-->[androidx.work:work-runtime:2.1.0] AndroidManifest.xml:35:13-40
126
127        <service
127-->[androidx.work:work-runtime:2.1.0] AndroidManifest.xml:38:9-43:35
128            android:name="androidx.work.impl.background.systemalarm.SystemAlarmService"
128-->[androidx.work:work-runtime:2.1.0] AndroidManifest.xml:39:13-88
129            android:directBootAware="false"
129-->[androidx.work:work-runtime:2.1.0] AndroidManifest.xml:40:13-44
130            android:enabled="@bool/enable_system_alarm_service_default"
130-->[androidx.work:work-runtime:2.1.0] AndroidManifest.xml:41:13-72
131            android:exported="false" />
131-->[androidx.work:work-runtime:2.1.0] AndroidManifest.xml:42:13-37
132        <service
132-->[androidx.work:work-runtime:2.1.0] AndroidManifest.xml:44:9-50:35
133            android:name="androidx.work.impl.background.systemjob.SystemJobService"
133-->[androidx.work:work-runtime:2.1.0] AndroidManifest.xml:45:13-84
134            android:directBootAware="false"
134-->[androidx.work:work-runtime:2.1.0] AndroidManifest.xml:46:13-44
135            android:enabled="@bool/enable_system_job_service_default"
135-->[androidx.work:work-runtime:2.1.0] AndroidManifest.xml:47:13-70
136            android:exported="true"
136-->[androidx.work:work-runtime:2.1.0] AndroidManifest.xml:48:13-36
137            android:permission="android.permission.BIND_JOB_SERVICE" />
137-->[androidx.work:work-runtime:2.1.0] AndroidManifest.xml:49:13-69
138
139        <receiver
139-->[androidx.work:work-runtime:2.1.0] AndroidManifest.xml:52:9-57:35
140            android:name="androidx.work.impl.utils.ForceStopRunnable$BroadcastReceiver"
140-->[androidx.work:work-runtime:2.1.0] AndroidManifest.xml:53:13-88
141            android:directBootAware="false"
141-->[androidx.work:work-runtime:2.1.0] AndroidManifest.xml:54:13-44
142            android:enabled="true"
142-->[androidx.work:work-runtime:2.1.0] AndroidManifest.xml:55:13-35
143            android:exported="false" />
143-->[androidx.work:work-runtime:2.1.0] AndroidManifest.xml:56:13-37
144        <receiver
144-->[androidx.work:work-runtime:2.1.0] AndroidManifest.xml:58:9-68:20
145            android:name="androidx.work.impl.background.systemalarm.ConstraintProxy$BatteryChargingProxy"
145-->[androidx.work:work-runtime:2.1.0] AndroidManifest.xml:59:13-106
146            android:directBootAware="false"
146-->[androidx.work:work-runtime:2.1.0] AndroidManifest.xml:60:13-44
147            android:enabled="false"
147-->[androidx.work:work-runtime:2.1.0] AndroidManifest.xml:61:13-36
148            android:exported="false" >
148-->[androidx.work:work-runtime:2.1.0] AndroidManifest.xml:62:13-37
149            <intent-filter>
149-->[androidx.work:work-runtime:2.1.0] AndroidManifest.xml:64:13-67:29
150                <action android:name="android.intent.action.ACTION_POWER_CONNECTED" />
150-->[androidx.work:work-runtime:2.1.0] AndroidManifest.xml:65:17-87
150-->[androidx.work:work-runtime:2.1.0] AndroidManifest.xml:65:25-84
151                <action android:name="android.intent.action.ACTION_POWER_DISCONNECTED" />
151-->[androidx.work:work-runtime:2.1.0] AndroidManifest.xml:66:17-90
151-->[androidx.work:work-runtime:2.1.0] AndroidManifest.xml:66:25-87
152            </intent-filter>
153        </receiver>
154        <receiver
154-->[androidx.work:work-runtime:2.1.0] AndroidManifest.xml:69:9-79:20
155            android:name="androidx.work.impl.background.systemalarm.ConstraintProxy$BatteryNotLowProxy"
155-->[androidx.work:work-runtime:2.1.0] AndroidManifest.xml:70:13-104
156            android:directBootAware="false"
156-->[androidx.work:work-runtime:2.1.0] AndroidManifest.xml:71:13-44
157            android:enabled="false"
157-->[androidx.work:work-runtime:2.1.0] AndroidManifest.xml:72:13-36
158            android:exported="false" >
158-->[androidx.work:work-runtime:2.1.0] AndroidManifest.xml:73:13-37
159            <intent-filter>
159-->[androidx.work:work-runtime:2.1.0] AndroidManifest.xml:75:13-78:29
160                <action android:name="android.intent.action.BATTERY_OKAY" />
160-->[androidx.work:work-runtime:2.1.0] AndroidManifest.xml:76:17-77
160-->[androidx.work:work-runtime:2.1.0] AndroidManifest.xml:76:25-74
161                <action android:name="android.intent.action.BATTERY_LOW" />
161-->[androidx.work:work-runtime:2.1.0] AndroidManifest.xml:77:17-76
161-->[androidx.work:work-runtime:2.1.0] AndroidManifest.xml:77:25-73
162            </intent-filter>
163        </receiver>
164        <receiver
164-->[androidx.work:work-runtime:2.1.0] AndroidManifest.xml:80:9-90:20
165            android:name="androidx.work.impl.background.systemalarm.ConstraintProxy$StorageNotLowProxy"
165-->[androidx.work:work-runtime:2.1.0] AndroidManifest.xml:81:13-104
166            android:directBootAware="false"
166-->[androidx.work:work-runtime:2.1.0] AndroidManifest.xml:82:13-44
167            android:enabled="false"
167-->[androidx.work:work-runtime:2.1.0] AndroidManifest.xml:83:13-36
168            android:exported="false" >
168-->[androidx.work:work-runtime:2.1.0] AndroidManifest.xml:84:13-37
169            <intent-filter>
169-->[androidx.work:work-runtime:2.1.0] AndroidManifest.xml:86:13-89:29
170                <action android:name="android.intent.action.DEVICE_STORAGE_LOW" />
170-->[androidx.work:work-runtime:2.1.0] AndroidManifest.xml:87:17-83
170-->[androidx.work:work-runtime:2.1.0] AndroidManifest.xml:87:25-80
171                <action android:name="android.intent.action.DEVICE_STORAGE_OK" />
171-->[androidx.work:work-runtime:2.1.0] AndroidManifest.xml:88:17-82
171-->[androidx.work:work-runtime:2.1.0] AndroidManifest.xml:88:25-79
172            </intent-filter>
173        </receiver>
174        <receiver
174-->[androidx.work:work-runtime:2.1.0] AndroidManifest.xml:91:9-100:20
175            android:name="androidx.work.impl.background.systemalarm.ConstraintProxy$NetworkStateProxy"
175-->[androidx.work:work-runtime:2.1.0] AndroidManifest.xml:92:13-103
176            android:directBootAware="false"
176-->[androidx.work:work-runtime:2.1.0] AndroidManifest.xml:93:13-44
177            android:enabled="false"
177-->[androidx.work:work-runtime:2.1.0] AndroidManifest.xml:94:13-36
178            android:exported="false" >
178-->[androidx.work:work-runtime:2.1.0] AndroidManifest.xml:95:13-37
179            <intent-filter>
179-->[androidx.work:work-runtime:2.1.0] AndroidManifest.xml:97:13-99:29
180                <action android:name="android.net.conn.CONNECTIVITY_CHANGE" />
180-->[androidx.work:work-runtime:2.1.0] AndroidManifest.xml:98:17-79
180-->[androidx.work:work-runtime:2.1.0] AndroidManifest.xml:98:25-76
181            </intent-filter>
182        </receiver>
183        <receiver
183-->[androidx.work:work-runtime:2.1.0] AndroidManifest.xml:101:9-112:20
184            android:name="androidx.work.impl.background.systemalarm.RescheduleReceiver"
184-->[androidx.work:work-runtime:2.1.0] AndroidManifest.xml:102:13-88
185            android:directBootAware="false"
185-->[androidx.work:work-runtime:2.1.0] AndroidManifest.xml:103:13-44
186            android:enabled="false"
186-->[androidx.work:work-runtime:2.1.0] AndroidManifest.xml:104:13-36
187            android:exported="false" >
187-->[androidx.work:work-runtime:2.1.0] AndroidManifest.xml:105:13-37
188            <intent-filter>
188-->[androidx.work:work-runtime:2.1.0] AndroidManifest.xml:107:13-111:29
189                <action android:name="android.intent.action.BOOT_COMPLETED" />
189-->[androidx.work:work-runtime:2.1.0] AndroidManifest.xml:108:17-79
189-->[androidx.work:work-runtime:2.1.0] AndroidManifest.xml:108:25-76
190                <action android:name="android.intent.action.TIME_SET" />
190-->[androidx.work:work-runtime:2.1.0] AndroidManifest.xml:109:17-73
190-->[androidx.work:work-runtime:2.1.0] AndroidManifest.xml:109:25-70
191                <action android:name="android.intent.action.TIMEZONE_CHANGED" />
191-->[androidx.work:work-runtime:2.1.0] AndroidManifest.xml:110:17-81
191-->[androidx.work:work-runtime:2.1.0] AndroidManifest.xml:110:25-78
192            </intent-filter>
193        </receiver>
194        <receiver
194-->[androidx.work:work-runtime:2.1.0] AndroidManifest.xml:113:9-122:20
195            android:name="androidx.work.impl.background.systemalarm.ConstraintProxyUpdateReceiver"
195-->[androidx.work:work-runtime:2.1.0] AndroidManifest.xml:114:13-99
196            android:directBootAware="false"
196-->[androidx.work:work-runtime:2.1.0] AndroidManifest.xml:115:13-44
197            android:enabled="@bool/enable_system_alarm_service_default"
197-->[androidx.work:work-runtime:2.1.0] AndroidManifest.xml:116:13-72
198            android:exported="false" >
198-->[androidx.work:work-runtime:2.1.0] AndroidManifest.xml:117:13-37
199            <intent-filter>
199-->[androidx.work:work-runtime:2.1.0] AndroidManifest.xml:119:13-121:29
200                <action android:name="androidx.work.impl.background.systemalarm.UpdateProxies" />
200-->[androidx.work:work-runtime:2.1.0] AndroidManifest.xml:120:17-98
200-->[androidx.work:work-runtime:2.1.0] AndroidManifest.xml:120:25-95
201            </intent-filter>
202        </receiver>
203
204        <service
204-->[androidx.room:room-runtime:2.1.0] AndroidManifest.xml:25:9-27:40
205            android:name="androidx.room.MultiInstanceInvalidationService"
205-->[androidx.room:room-runtime:2.1.0] AndroidManifest.xml:26:13-74
206            android:exported="false" />
206-->[androidx.room:room-runtime:2.1.0] AndroidManifest.xml:27:13-37
207    </application>
208
209</manifest>